<?xml version="1.0" encoding="UTF-8"?>
<!-- Generated by org.testng.reporters.JUnitReportReporter -->
<testsuite hostname="Vijetha-Prabhakar" name="Test.Login_Script" tests="1" failures="0" timestamp="2 Feb 2020 07:24:14 GMT" time="52.028" errors="0">
  <testcase name="flipLogin" time="52.028" classname="Test.Login_Script"/>
</testsuite> <!-- Test.Login_Script -->
